[Mar/19/2022][01:57:15 AM][info] CHESSTER: Welcome to the Chesster Universal Chess Interface!
[Mar/19/2022][01:57:16 AM][info] CHESSTER: Created SDL Window: CHESSTER! (1600, 900)
[Mar/19/2022][01:57:16 AM][info] CHESSTER: Current SDL_Renderer: direct3d | Texture formats: 3
[Mar/19/2022][01:57:16 AM][info] CHESSTER: Engine connection opened.
[Mar/19/2022][01:57:16 AM][info] CHESSTER: Stockfish 14.1 by the Stockfish developers (see AUTHORS file)

[Mar/19/2022][01:57:17 AM][info] CHESSTER: 
id name Stockfish 14.1
id author the Stockfish developers (see AUTHORS file)

option name Debug Log File type string default 
option name Threads type spin default 1 min 1 max 512
option name Hash type spin default 16 min 1 max 33554432
option name Clear Hash type button
option name Ponder type check default false
option name MultiPV type spin default 1 min 1 max 500
option name Skill Level type spin default 20 min 0 max 20
option name Move Overhead type spin default 10 min 0 max 5000
option name Slow Mover type spin default 100 min 10 max 1000
option name nodestime type spin default 0 min 0 max 10000
option name UCI_Chess960 type check default false
option name UCI_AnalyseMode type check default false
option name UCI_LimitStrength type check default false
option name UCI_Elo type spin default 1350 min 1350 max 2850
option name UCI_ShowWDL type check default false
option name SyzygyPath type string default <empty>
option name SyzygyProbeDepth type spin default 1 min 1 max 100
option name Syzygy50MoveRule type check default true
option name SyzygyProbeLimit type spin default 7 min 0 max 7
option name Use NNUE type check default true
option name EvalFile type string default nn-13406b1dcbe0.nnue
uciok
readyok

[Mar/19/2022][01:57:17 AM][info] CHESSTER: 
 +---+---+---+---+---+---+---+---+
 | r | n | b | q | k | b | n | r | 8
 +---+---+---+---+---+---+---+---+
 | p | p | p | p | p | p | p | p | 7
 +---+---+---+---+---+---+---+---+
 |   |   |   |   |   |   |   |   | 6
 +---+---+---+---+---+---+---+---+
 |   |   |   |   |   |   |   |   | 5
 +---+---+---+---+---+---+---+---+
 |   |   |   |   |   |   |   |   | 4
 +---+---+---+---+---+---+---+---+
 |   |   |   |   |   |   |   |   | 3
 +---+---+---+---+---+---+---+---+
 | P | P | P | P | P | P | P | P | 2
 +---+---+---+---+---+---+---+---+
 | R | N | B | Q | K | B | N | R | 1
 +---+---+---+---+---+---+---+---+
   a   b   c   d   e   f   g   h

Fen: rnbqkbnr/pppppppp/8/8/8/8/PPPPPPPP/RNBQKBNR w KQkq - 0 1
Key: 8F8F01D4562F59FB
Checkers: 


[Mar/19/2022][01:57:56 AM][info] CHESSTER: Player move: a2a4
[Mar/19/2022][01:57:56 AM][info] CHESSTER: 
 +---+---+---+---+---+---+---+---+
 | r | n | b | q | k | b | n | r | 8
 +---+---+---+---+---+---+---+---+
 | p | p | p | p | p | p | p | p | 7
 +---+---+---+---+---+---+---+---+
 |   |   |   |   |   |   |   |   | 6
 +---+---+---+---+---+---+---+---+
 |   |   |   |   |   |   |   |   | 5
 +---+---+---+---+---+---+---+---+
 | P |   |   |   |   |   |   |   | 4
 +---+---+---+---+---+---+---+---+
 |   |   |   |   |   |   |   |   | 3
 +---+---+---+---+---+---+---+---+
 |   | P | P | P | P | P | P | P | 2
 +---+---+---+---+---+---+---+---+
 | R | N | B | Q | K | B | N | R | 1
 +---+---+---+---+---+---+---+---+
   a   b   c   d   e   f   g   h

Fen: rnbqkbnr/pppppppp/8/8/P7/8/1PPPPPPP/RNBQKBNR b KQkq - 0 1
Key: 2DA34B40257EFBFD
Checkers: 


[Mar/19/2022][01:58:06 AM][error] CHESSTER: Wait... that's illegal!
[Mar/19/2022][01:58:07 AM][error] CHESSTER: Wait... that's illegal!
[Mar/19/2022][01:58:08 AM][info] CHESSTER: Player move: b7b6
[Mar/19/2022][01:58:08 AM][info] CHESSTER: 
 +---+---+---+---+---+---+---+---+
 | r | n | b | q | k | b | n | r | 8
 +---+---+---+---+---+---+---+---+
 | p |   | p | p | p | p | p | p | 7
 +---+---+---+---+---+---+---+---+
 |   | p |   |   |   |   |   |   | 6
 +---+---+---+---+---+---+---+---+
 |   |   |   |   |   |   |   |   | 5
 +---+---+---+---+---+---+---+---+
 | P |   |   |   |   |   |   |   | 4
 +---+---+---+---+---+---+---+---+
 |   |   |   |   |   |   |   |   | 3
 +---+---+---+---+---+---+---+---+
 |   | P | P | P | P | P | P | P | 2
 +---+---+---+---+---+---+---+---+
 | R | N | B | Q | K | B | N | R | 1
 +---+---+---+---+---+---+---+---+
   a   b   c   d   e   f   g   h

Fen: rnbqkbnr/p1pppppp/1p6/8/P7/8/1PPPPPPP/RNBQKBNR w KQkq - 0 2
Key: D336532742697078
Checkers: 


[Mar/19/2022][01:58:09 AM][info] CHESSTER: Player move: a4a5
[Mar/19/2022][01:58:09 AM][info] CHESSTER: 
 +---+---+---+---+---+---+---+---+
 | r | n | b | q | k | b | n | r | 8
 +---+---+---+---+---+---+---+---+
 | p |   | p | p | p | p | p | p | 7
 +---+---+---+---+---+---+---+---+
 |   | p |   |   |   |   |   |   | 6
 +---+---+---+---+---+---+---+---+
 | P |   |   |   |   |   |   |   | 5
 +---+---+---+---+---+---+---+---+
 |   |   |   |   |   |   |   |   | 4
 +---+---+---+---+---+---+---+---+
 |   |   |   |   |   |   |   |   | 3
 +---+---+---+---+---+---+---+---+
 |   | P | P | P | P | P | P | P | 2
 +---+---+---+---+---+---+---+---+
 | R | N | B | Q | K | B | N | R | 1
 +---+---+---+---+---+---+---+---+
   a   b   c   d   e   f   g   h

Fen: rnbqkbnr/p1pppppp/1p6/P7/8/8/1PPPPPPP/RNBQKBNR b KQkq - 0 2
Key: FBDCC02B1FA95466
Checkers: 


[Mar/19/2022][01:58:10 AM][info] CHESSTER: Player move: b6a5
[Mar/19/2022][01:58:10 AM][info] CHESSTER: 
 +---+---+---+---+---+---+---+---+
 | r | n | b | q | k | b | n | r | 8
 +---+---+---+---+---+---+---+---+
 | p |   | p | p | p | p | p | p | 7
 +---+---+---+---+---+---+---+---+
 |   |   |   |   |   |   |   |   | 6
 +---+---+---+---+---+---+---+---+
 | p |   |   |   |   |   |   |   | 5
 +---+---+---+---+---+---+---+---+
 |   |   |   |   |   |   |   |   | 4
 +---+---+---+---+---+---+---+---+
 |   |   |   |   |   |   |   |   | 3
 +---+---+---+---+---+---+---+---+
 |   | P | P | P | P | P | P | P | 2
 +---+---+---+---+---+---+---+---+
 | R | N | B | Q | K | B | N | R | 1
 +---+---+---+---+---+---+---+---+
   a   b   c   d   e   f   g   h

Fen: rnbqkbnr/p1pppppp/8/p7/8/8/1PPPPPPP/RNBQKBNR w KQkq - 0 3
Key: 81000DBFB4B0D2DA
Checkers: 


[Mar/19/2022][01:58:11 AM][info] CHESSTER: Player move: a1a5
[Mar/19/2022][01:58:11 AM][info] CHESSTER: 
 +---+---+---+---+---+---+---+---+
 | r | n | b | q | k | b | n | r | 8
 +---+---+---+---+---+---+---+---+
 | p |   | p | p | p | p | p | p | 7
 +---+---+---+---+---+---+---+---+
 |   |   |   |   |   |   |   |   | 6
 +---+---+---+---+---+---+---+---+
 | R |   |   |   |   |   |   |   | 5
 +---+---+---+---+---+---+---+---+
 |   |   |   |   |   |   |   |   | 4
 +---+---+---+---+---+---+---+---+
 |   |   |   |   |   |   |   |   | 3
 +---+---+---+---+---+---+---+---+
 |   | P | P | P | P | P | P | P | 2
 +---+---+---+---+---+---+---+---+
 |   | N | B | Q | K | B | N | R | 1
 +---+---+---+---+---+---+---+---+
   a   b   c   d   e   f   g   h

Fen: rnbqkbnr/p1pppppp/8/R7/8/8/1PPPPPPP/1NBQKBNR b Kkq - 0 3
Key: 9873AEFD042950DE
Checkers: 


[Mar/19/2022][01:58:15 AM][error] CHESSTER: Wait... that's illegal!
[Mar/19/2022][01:58:16 AM][info] CHESSTER: Player move: c7c6
[Mar/19/2022][01:58:16 AM][info] CHESSTER: 
 +---+---+---+---+---+---+---+---+
 | r | n | b | q | k | b | n | r | 8
 +---+---+---+---+---+---+---+---+
 | p |   |   | p | p | p | p | p | 7
 +---+---+---+---+---+---+---+---+
 |   |   | p |   |   |   |   |   | 6
 +---+---+---+---+---+---+---+---+
 | R |   |   |   |   |   |   |   | 5
 +---+---+---+---+---+---+---+---+
 |   |   |   |   |   |   |   |   | 4
 +---+---+---+---+---+---+---+---+
 |   |   |   |   |   |   |   |   | 3
 +---+---+---+---+---+---+---+---+
 |   | P | P | P | P | P | P | P | 2
 +---+---+---+---+---+---+---+---+
 |   | N | B | Q | K | B | N | R | 1
 +---+---+---+---+---+---+---+---+
   a   b   c   d   e   f   g   h

Fen: rnbqkbnr/p2ppppp/2p5/R7/8/8/1PPPPPPP/1NBQKBNR w Kkq - 0 4
Key: 22D09AF8C8FB7833
Checkers: 


[Mar/19/2022][01:58:17 AM][info] CHESSTER: Player move: a5h5
[Mar/19/2022][01:58:17 AM][info] CHESSTER: 
 +---+---+---+---+---+---+---+---+
 | r | n | b | q | k | b | n | r | 8
 +---+---+---+---+---+---+---+---+
 | p |   |   | p | p | p | p | p | 7
 +---+---+---+---+---+---+---+---+
 |   |   | p |   |   |   |   |   | 6
 +---+---+---+---+---+---+---+---+
 |   |   |   |   |   |   |   | R | 5
 +---+---+---+---+---+---+---+---+
 |   |   |   |   |   |   |   |   | 4
 +---+---+---+---+---+---+---+---+
 |   |   |   |   |   |   |   |   | 3
 +---+---+---+---+---+---+---+---+
 |   | P | P | P | P | P | P | P | 2
 +---+---+---+---+---+---+---+---+
 |   | N | B | Q | K | B | N | R | 1
 +---+---+---+---+---+---+---+---+
   a   b   c   d   e   f   g   h

Fen: rnbqkbnr/p2ppppp/2p5/7R/8/8/1PPPPPPP/1NBQKBNR b Kkq - 1 4
Key: 4E953B97CA5A4466
Checkers: 


[Mar/19/2022][01:58:19 AM][info] CHESSTER: Player move: f7f6
[Mar/19/2022][01:58:19 AM][info] CHESSTER: 
 +---+---+---+---+---+---+---+---+
 | r | n | b | q | k | b | n | r | 8
 +---+---+---+---+---+---+---+---+
 | p |   |   | p | p |   | p | p | 7
 +---+---+---+---+---+---+---+---+
 |   |   | p |   |   | p |   |   | 6
 +---+---+---+---+---+---+---+---+
 |   |   |   |   |   |   |   | R | 5
 +---+---+---+---+---+---+---+---+
 |   |   |   |   |   |   |   |   | 4
 +---+---+---+---+---+---+---+---+
 |   |   |   |   |   |   |   |   | 3
 +---+---+---+---+---+---+---+---+
 |   | P | P | P | P | P | P | P | 2
 +---+---+---+---+---+---+---+---+
 |   | N | B | Q | K | B | N | R | 1
 +---+---+---+---+---+---+---+---+
   a   b   c   d   e   f   g   h

Fen: rnbqkbnr/p2pp1pp/2p2p2/7R/8/8/1PPPPPPP/1NBQKBNR w Kkq - 0 5
Key: E70F61403AB35469
Checkers: 


[Mar/19/2022][01:58:20 AM][info] CHESSTER: Player move: h5h7
[Mar/19/2022][01:58:20 AM][info] CHESSTER: 
 +---+---+---+---+---+---+---+---+
 | r | n | b | q | k | b | n | r | 8
 +---+---+---+---+---+---+---+---+
 | p |   |   | p | p |   | p | R | 7
 +---+---+---+---+---+---+---+---+
 |   |   | p |   |   | p |   |   | 6
 +---+---+---+---+---+---+---+---+
 |   |   |   |   |   |   |   |   | 5
 +---+---+---+---+---+---+---+---+
 |   |   |   |   |   |   |   |   | 4
 +---+---+---+---+---+---+---+---+
 |   |   |   |   |   |   |   |   | 3
 +---+---+---+---+---+---+---+---+
 |   | P | P | P | P | P | P | P | 2
 +---+---+---+---+---+---+---+---+
 |   | N | B | Q | K | B | N | R | 1
 +---+---+---+---+---+---+---+---+
   a   b   c   d   e   f   g   h

Fen: rnbqkbnr/p2pp1pR/2p2p2/8/8/8/1PPPPPPP/1NBQKBNR b Kkq - 0 5
Key: C6F8301D8A4B6BF1
Checkers: 


[Mar/19/2022][01:58:21 AM][info] CHESSTER: Player move: h8h7
[Mar/19/2022][01:58:21 AM][info] CHESSTER: 
 +---+---+---+---+---+---+---+---+
 | r | n | b | q | k | b | n |   | 8
 +---+---+---+---+---+---+---+---+
 | p |   |   | p | p |   | p | r | 7
 +---+---+---+---+---+---+---+---+
 |   |   | p |   |   | p |   |   | 6
 +---+---+---+---+---+---+---+---+
 |   |   |   |   |   |   |   |   | 5
 +---+---+---+---+---+---+---+---+
 |   |   |   |   |   |   |   |   | 4
 +---+---+---+---+---+---+---+---+
 |   |   |   |   |   |   |   |   | 3
 +---+---+---+---+---+---+---+---+
 |   | P | P | P | P | P | P | P | 2
 +---+---+---+---+---+---+---+---+
 |   | N | B | Q | K | B | N | R | 1
 +---+---+---+---+---+---+---+---+
   a   b   c   d   e   f   g   h

Fen: rnbqkbn1/p2pp1pr/2p2p2/8/8/8/1PPPPPPP/1NBQKBNR w Kq - 0 6
Key: 4E0C0AB6D8BFC33A
Checkers: 


[Mar/19/2022][01:58:21 AM][error] CHESSTER: Wait... that's illegal!
[Mar/19/2022][01:58:23 AM][info] CHESSTER: Player move: g1h3
[Mar/19/2022][01:58:23 AM][info] CHESSTER: 
 +---+---+---+---+---+---+---+---+
 | r | n | b | q | k | b | n |   | 8
 +---+---+---+---+---+---+---+---+
 | p |   |   | p | p |   | p | r | 7
 +---+---+---+---+---+---+---+---+
 |   |   | p |   |   | p |   |   | 6
 +---+---+---+---+---+---+---+---+
 |   |   |   |   |   |   |   |   | 5
 +---+---+---+---+---+---+---+---+
 |   |   |   |   |   |   |   |   | 4
 +---+---+---+---+---+---+---+---+
 |   |   |   |   |   |   |   | N | 3
 +---+---+---+---+---+---+---+---+
 |   | P | P | P | P | P | P | P | 2
 +---+---+---+---+---+---+---+---+
 |   | N | B | Q | K | B |   | R | 1
 +---+---+---+---+---+---+---+---+
   a   b   c   d   e   f   g   h

Fen: rnbqkbn1/p2pp1pr/2p2p2/8/8/7N/1PPPPPPP/1NBQKB1R b Kq - 1 6
Key: 81932E6B3E0F48FB
Checkers: 


[Mar/19/2022][01:58:24 AM][info] CHESSTER: Player move: g8h6
[Mar/19/2022][01:58:24 AM][info] CHESSTER: 
 +---+---+---+---+---+---+---+---+
 | r | n | b | q | k | b |   |   | 8
 +---+---+---+---+---+---+---+---+
 | p |   |   | p | p |   | p | r | 7
 +---+---+---+---+---+---+---+---+
 |   |   | p |   |   | p |   | n | 6
 +---+---+---+---+---+---+---+---+
 |   |   |   |   |   |   |   |   | 5
 +---+---+---+---+---+---+---+---+
 |   |   |   |   |   |   |   |   | 4
 +---+---+---+---+---+---+---+---+
 |   |   |   |   |   |   |   | N | 3
 +---+---+---+---+---+---+---+---+
 |   | P | P | P | P | P | P | P | 2
 +---+---+---+---+---+---+---+---+
 |   | N | B | Q | K | B |   | R | 1
 +---+---+---+---+---+---+---+---+
   a   b   c   d   e   f   g   h

Fen: rnbqkb2/p2pp1pr/2p2p1n/8/8/7N/1PPPPPPP/1NBQKB1R w Kq - 2 7
Key: 7684AF6954AAA2C3
Checkers: 


[Mar/19/2022][01:58:26 AM][info] CHESSTER: Player move: h3g5
[Mar/19/2022][01:58:27 AM][info] CHESSTER: 
 +---+---+---+---+---+---+---+---+
 | r | n | b | q | k | b |   |   | 8
 +---+---+---+---+---+---+---+---+
 | p |   |   | p | p |   | p | r | 7
 +---+---+---+---+---+---+---+---+
 |   |   | p |   |   | p |   | n | 6
 +---+---+---+---+---+---+---+---+
 |   |   |   |   |   |   | N |   | 5
 +---+---+---+---+---+---+---+---+
 |   |   |   |   |   |   |   |   | 4
 +---+---+---+---+---+---+---+---+
 |   |   |   |   |   |   |   |   | 3
 +---+---+---+---+---+---+---+---+
 |   | P | P | P | P | P | P | P | 2
 +---+---+---+---+---+---+---+---+
 |   | N | B | Q | K | B |   | R | 1
 +---+---+---+---+---+---+---+---+
   a   b   c   d   e   f   g   h

Fen: rnbqkb2/p2pp1pr/2p2p1n/6N1/8/8/1PPPPPPP/1NBQKB1R b Kq - 3 7
Key: 14ED0D7385AD62EA
Checkers: 


[Mar/19/2022][01:58:28 AM][info] CHESSTER: Player move: h6g4
[Mar/19/2022][01:58:28 AM][info] CHESSTER: 
 +---+---+---+---+---+---+---+---+
 | r | n | b | q | k | b |   |   | 8
 +---+---+---+---+---+---+---+---+
 | p |   |   | p | p |   | p | r | 7
 +---+---+---+---+---+---+---+---+
 |   |   | p |   |   | p |   |   | 6
 +---+---+---+---+---+---+---+---+
 |   |   |   |   |   |   | N |   | 5
 +---+---+---+---+---+---+---+---+
 |   |   |   |   |   |   | n |   | 4
 +---+---+---+---+---+---+---+---+
 |   |   |   |   |   |   |   |   | 3
 +---+---+---+---+---+---+---+---+
 |   | P | P | P | P | P | P | P | 2
 +---+---+---+---+---+---+---+---+
 |   | N | B | Q | K | B |   | R | 1
 +---+---+---+---+---+---+---+---+
   a   b   c   d   e   f   g   h

Fen: rnbqkb2/p2pp1pr/2p2p2/6N1/6n1/8/1PPPPPPP/1NBQKB1R w Kq - 4 8
Key: 83D1E283B0954FA5
Checkers: 


[Mar/19/2022][01:58:29 AM][info] CHESSTER: Player move: g5h7
[Mar/19/2022][01:58:29 AM][info] CHESSTER: 
 +---+---+---+---+---+---+---+---+
 | r | n | b | q | k | b |   |   | 8
 +---+---+---+---+---+---+---+---+
 | p |   |   | p | p |   | p | N | 7
 +---+---+---+---+---+---+---+---+
 |   |   | p |   |   | p |   |   | 6
 +---+---+---+---+---+---+---+---+
 |   |   |   |   |   |   |   |   | 5
 +---+---+---+---+---+---+---+---+
 |   |   |   |   |   |   | n |   | 4
 +---+---+---+---+---+---+---+---+
 |   |   |   |   |   |   |   |   | 3
 +---+---+---+---+---+---+---+---+
 |   | P | P | P | P | P | P | P | 2
 +---+---+---+---+---+---+---+---+
 |   | N | B | Q | K | B |   | R | 1
 +---+---+---+---+---+---+---+---+
   a   b   c   d   e   f   g   h

Fen: rnbqkb2/p2pp1pN/2p2p2/8/6n1/8/1PPPPPPP/1NBQKB1R b Kq - 0 8
Key: 5646730E4F07CEFD
Checkers: 


[Mar/19/2022][01:58:31 AM][info] CHESSTER: Player move: g4f2
[Mar/19/2022][01:58:31 AM][info] CHESSTER: 
 +---+---+---+---+---+---+---+---+
 | r | n | b | q | k | b |   |   | 8
 +---+---+---+---+---+---+---+---+
 | p |   |   | p | p |   | p | N | 7
 +---+---+---+---+---+---+---+---+
 |   |   | p |   |   | p |   |   | 6
 +---+---+---+---+---+---+---+---+
 |   |   |   |   |   |   |   |   | 5
 +---+---+---+---+---+---+---+---+
 |   |   |   |   |   |   |   |   | 4
 +---+---+---+---+---+---+---+---+
 |   |   |   |   |   |   |   |   | 3
 +---+---+---+---+---+---+---+---+
 |   | P | P | P | P | n | P | P | 2
 +---+---+---+---+---+---+---+---+
 |   | N | B | Q | K | B |   | R | 1
 +---+---+---+---+---+---+---+---+
   a   b   c   d   e   f   g   h

Fen: rnbqkb2/p2pp1pN/2p2p2/8/8/8/1PPPPnPP/1NBQKB1R w Kq - 0 9
Key: E05BD6F441F571C1
Checkers: 


[Mar/19/2022][01:58:32 AM][info] CHESSTER: Player move: h7f8
[Mar/19/2022][01:58:32 AM][info] CHESSTER: 
 +---+---+---+---+---+---+---+---+
 | r | n | b | q | k | N |   |   | 8
 +---+---+---+---+---+---+---+---+
 | p |   |   | p | p |   | p |   | 7
 +---+---+---+---+---+---+---+---+
 |   |   | p |   |   | p |   |   | 6
 +---+---+---+---+---+---+---+---+
 |   |   |   |   |   |   |   |   | 5
 +---+---+---+---+---+---+---+---+
 |   |   |   |   |   |   |   |   | 4
 +---+---+---+---+---+---+---+---+
 |   |   |   |   |   |   |   |   | 3
 +---+---+---+---+---+---+---+---+
 |   | P | P | P | P | n | P | P | 2
 +---+---+---+---+---+---+---+---+
 |   | N | B | Q | K | B |   | R | 1
 +---+---+---+---+---+---+---+---+
   a   b   c   d   e   f   g   h

Fen: rnbqkN2/p2pp1p1/2p2p2/8/8/8/1PPPPnPP/1NBQKB1R b Kq - 0 9
Key: EE08DA8BF3A37EDF
Checkers: 


[Mar/19/2022][01:58:33 AM][info] CHESSTER: Player move: f2d1
[Mar/19/2022][01:58:33 AM][info] CHESSTER: 
 +---+---+---+---+---+---+---+---+
 | r | n | b | q | k | N |   |   | 8
 +---+---+---+---+---+---+---+---+
 | p |   |   | p | p |   | p |   | 7
 +---+---+---+---+---+---+---+---+
 |   |   | p |   |   | p |   |   | 6
 +---+---+---+---+---+---+---+---+
 |   |   |   |   |   |   |   |   | 5
 +---+---+---+---+---+---+---+---+
 |   |   |   |   |   |   |   |   | 4
 +---+---+---+---+---+---+---+---+
 |   |   |   |   |   |   |   |   | 3
 +---+---+---+---+---+---+---+---+
 |   | P | P | P | P |   | P | P | 2
 +---+---+---+---+---+---+---+---+
 |   | N | B | n | K | B |   | R | 1
 +---+---+---+---+---+---+---+---+
   a   b   c   d   e   f   g   h

Fen: rnbqkN2/p2pp1p1/2p2p2/8/8/8/1PPPP1PP/1NBnKB1R w Kq - 0 10
Key: 1B426340367FA04F
Checkers: 


[Mar/19/2022][01:58:35 AM][info] CHESSTER: GAME EVALUATION
info string NNUE evaluation using nn-13406b1dcbe0.nnue enabled

 Contributing terms for the classical eval:
+------------+-------------+-------------+-------------+
|    Term    |    White    |    Black    |    Total    |
|            |   MG    EG  |   MG    EG  |   MG    EG  |
+------------+-------------+-------------+-------------+
|   Material |  ----  ---- |  ----  ---- | -8.54 -8.68 |
|  Imbalance |  ----  ---- |  ----  ---- |  0.43  0.27 |
|      Pawns |  0.34 -0.07 |  0.44 -0.21 | -0.10  0.14 |
|    Knights | -0.15 -0.31 | -0.38 -0.43 |  0.24  0.12 |
|    Bishops | -0.06 -0.35 | -0.08 -0.16 |  0.02 -0.18 |
|      Rooks | -0.26 -0.06 |  0.00  0.00 | -0.26 -0.06 |
|     Queens |  0.00  0.00 |  0.00  0.00 |  0.00  0.00 |
|   Mobility | -0.52 -0.72 | -0.27 -0.35 | -0.25 -0.37 |
|King safety |  0.07 -0.17 |  0.38 -0.10 | -0.30 -0.07 |
|    Threats |  0.00  0.00 |  0.00  0.00 |  0.00  0.00 |
|     Passed |  0.00  0.00 |  0.00  0.00 |  0.00  0.00 |
|      Space |  0.00  0.00 |  0.00  0.00 |  0.00  0.00 |
|   Winnable |  ----  ---- |  ----  ---- |  0.00  2.10 |
+------------+-------------+-------------+-------------+
|      Total |  ----  ---- |  ----  ---- | -8.77 -6.74 |
+------------+-------------+-------------+-------------+

 NNUE derived piece values:
+-------+-------+-------+-------+-------+-------+-------+-------+
|   r   |   n   |   b   |   q   |   k   |   N   |       |       |
| -1.33 | -0.63 | -0.61 | -8.87 |       | +1.73 |       |       |
+-------+-------+-------+-------+-------+-------+-------+-------+
|   p   |       |       |   p   |   p   |       |   p   |       |
| +0.54 |       |       | +1.40 | +0.41 |       | -0.81 |       |
+-------+-------+-------+-------+-------+-------+-------+-------+
|       |       |   p   |       |       |   p   |       |       |
|       |       | -0.43 |       |       | -0.79 |       |       |
+-------+-------+-------+-------+-------+-------+-------+-------+
|       |       |       |       |       |       |       |       |
|       |       |       |       |       |       |       |       |
+-------+-------+-------+-------+-------+-------+-------+-------+
|       |       |       |       |       |       |       |       |
|       |       |       |       |       |       |       |       |
+-------+-------+-------+-------+-------+-------+-------+-------+
|       |       |       |       |       |       |       |       |
|       |       |       |       |       |       |       |       |
+-------+-------+-------+-------+-------+-------+-------+-------+
|       |   P   |   P   |   P   |   P   |       |   P   |   P   |
|       | +0.80 | +0.68 | +1.11 | +0.16 |       | +0.45 | -0.85 |
+-------+-------+-------+-------+-------+-------+-------+-------+
|       |   N   |   B   |   n   |   K   |   B   |       |   R   |
|       | +1.36 | +2.19 | -0.24 |       | +1.59 |       | +3.50 |
+-------+-------+-------+-------+-------+-------+-------+-------+

 NNUE network contributions (White to move)
+------------+------------+------------+------------+
|   Bucket   |  Material  | Positional |   Total    |
|            |   (PSQT)   |  (Layers)  |            |
+------------+------------+------------+------------+
|  0         |  -  4.82   |  +  2.06   |  -  2.75   |
|  1         |  -  4.02   |  +  2.14   |  -  1.88   |
|  2         |  -  4.94   |  +  2.73   |  -  2.21   |
|  3         |  -  5.10   |  +  3.53   |  -  1.57   |
|  4         |  -  5.16   |  +  3.52   |  -  1.63   |
|  5         |  -  5.61   |  +  3.87   |  -  1.74   | <-- this bucket is used
|  6         |  -  6.63   |  +  3.62   |  -  3.01   |
|  7         |  -  8.54   |  +  5.72   |  -  2.82   |
+------------+------------+------------+------------+


Classical evaluation   -7.92 (white side)
NNUE evaluation        -1.74 (white side)
Final evaluation       -7.92 (white side) [with scaled NNUE, hybrid, ...]



[Mar/19/2022][01:58:36 AM][info] CHESSTER: Engine connection closed.
[Mar/19/2022][01:58:36 AM][info] CHESSTER: SDL closed successfully.
[Mar/19/2022][01:58:36 AM][info] CHESSTER: Chesster server shut down.
