[Jan/26/2022][01:22:21 PM][info] CHESSTER: Welcome to the Chesster UCI!
[Jan/26/2022][01:22:21 PM][info] CHESSTER: Creating SDL Window: CHESSTER UNLEASHED (1600, 900)
[Jan/26/2022][01:22:22 PM][info] CHESSTER: Current SDL_Renderer: direct3d | Texture formats: 3
[Jan/26/2022][01:22:22 PM][info] CHESSTER: a6
[Jan/26/2022][01:22:22 PM][info] CHESSTER: a6
[Jan/26/2022][01:22:22 PM][info] CHESSTER: a6
[Jan/26/2022][01:22:22 PM][info] CHESSTER: a6
[Jan/26/2022][01:22:22 PM][info] CHESSTER: a6
[Jan/26/2022][01:22:22 PM][info] CHESSTER: a6
[Jan/26/2022][01:22:22 PM][info] CHESSTER: a6
[Jan/26/2022][01:22:22 PM][info] CHESSTER: a6
[Jan/26/2022][01:22:22 PM][info] CHESSTER: a6
[Jan/26/2022][01:22:22 PM][info] CHESSTER: a6
[Jan/26/2022][01:22:22 PM][info] CHESSTER: a6
[Jan/26/2022][01:22:22 PM][info] CHESSTER: a6
[Jan/26/2022][01:22:22 PM][info] CHESSTER: a6
[Jan/26/2022][01:22:22 PM][info] CHESSTER: a6
[Jan/26/2022][01:22:22 PM][info] CHESSTER: a6
[Jan/26/2022][01:22:22 PM][info] CHESSTER: a6
[Jan/26/2022][01:22:22 PM][info] CHESSTER: a6
[Jan/26/2022][01:22:22 PM][info] CHESSTER: a6
[Jan/26/2022][01:22:22 PM][info] CHESSTER: a6
[Jan/26/2022][01:22:22 PM][info] CHESSTER: a6
[Jan/26/2022][01:22:22 PM][info] CHESSTER: a6
[Jan/26/2022][01:22:22 PM][info] CHESSTER: a6
[Jan/26/2022][01:22:22 PM][info] CHESSTER: a6
[Jan/26/2022][01:22:22 PM][info] CHESSTER: a6
[Jan/26/2022][01:22:22 PM][info] CHESSTER: a6
[Jan/26/2022][01:22:22 PM][info] CHESSTER: a6
[Jan/26/2022][01:22:22 PM][info] CHESSTER: a6
[Jan/26/2022][01:22:22 PM][info] CHESSTER: a6
[Jan/26/2022][01:22:22 PM][info] CHESSTER: a6
[Jan/26/2022][01:22:22 PM][info] CHESSTER: a6
[Jan/26/2022][01:22:22 PM][info] CHESSTER: a6
[Jan/26/2022][01:22:22 PM][info] CHESSTER: a6
[Jan/26/2022][01:22:22 PM][info] CHESSTER: a6
[Jan/26/2022][01:22:22 PM][info] CHESSTER: a6
[Jan/26/2022][01:22:22 PM][info] CHESSTER: a6
[Jan/26/2022][01:22:22 PM][info] CHESSTER: a7
[Jan/26/2022][01:22:22 PM][info] CHESSTER: a6
[Jan/26/2022][01:22:22 PM][info] CHESSTER: a7
[Jan/26/2022][01:22:22 PM][info] CHESSTER: b7
[Jan/26/2022][01:22:22 PM][info] CHESSTER: b7
[Jan/26/2022][01:22:22 PM][info] CHESSTER: b7
[Jan/26/2022][01:22:22 PM][info] CHESSTER: b7
[Jan/26/2022][01:22:22 PM][info] CHESSTER: b7
[Jan/26/2022][01:22:22 PM][info] CHESSTER: c7
[Jan/26/2022][01:22:22 PM][info] CHESSTER: c7
[Jan/26/2022][01:22:22 PM][info] CHESSTER: d7
[Jan/26/2022][01:22:22 PM][info] CHESSTER: d7
[Jan/26/2022][01:22:22 PM][info] CHESSTER: d7
[Jan/26/2022][01:22:22 PM][info] CHESSTER: d7
[Jan/26/2022][01:22:22 PM][info] CHESSTER: e7
[Jan/26/2022][01:22:22 PM][info] CHESSTER: e7
[Jan/26/2022][01:22:22 PM][info] CHESSTER: e7
[Jan/26/2022][01:22:22 PM][info] CHESSTER: e7
[Jan/26/2022][01:22:22 PM][info] CHESSTER: f7
[Jan/26/2022][01:22:22 PM][info] CHESSTER: f7
[Jan/26/2022][01:22:22 PM][info] CHESSTER: f7
[Jan/26/2022][01:22:22 PM][info] CHESSTER: f7
[Jan/26/2022][01:22:22 PM][info] CHESSTER: f7
[Jan/26/2022][01:22:22 PM][info] CHESSTER: f7
[Jan/26/2022][01:22:22 PM][info] CHESSTER: f7
[Jan/26/2022][01:22:22 PM][info] CHESSTER: f7
[Jan/26/2022][01:22:22 PM][info] CHESSTER: f7
[Jan/26/2022][01:22:22 PM][info] CHESSTER: f7
[Jan/26/2022][01:22:22 PM][info] CHESSTER: f7
[Jan/26/2022][01:22:22 PM][info] CHESSTER: f7
[Jan/26/2022][01:22:22 PM][info] CHESSTER: f7
[Jan/26/2022][01:22:22 PM][info] CHESSTER: f7
[Jan/26/2022][01:22:22 PM][info] CHESSTER: f7
[Jan/26/2022][01:22:22 PM][info] CHESSTER: f7
[Jan/26/2022][01:22:22 PM][info] CHESSTER: f7
[Jan/26/2022][01:22:22 PM][info] CHESSTER: f7
[Jan/26/2022][01:22:22 PM][info] CHESSTER: f7
[Jan/26/2022][01:22:22 PM][info] CHESSTER: f7
[Jan/26/2022][01:22:22 PM][info] CHESSTER: f7
[Jan/26/2022][01:22:22 PM][info] CHESSTER: f7
[Jan/26/2022][01:22:22 PM][info] CHESSTER: f7
[Jan/26/2022][01:22:22 PM][info] CHESSTER: f7
[Jan/26/2022][01:22:22 PM][info] CHESSTER: f7
[Jan/26/2022][01:22:22 PM][info] CHESSTER: f7
[Jan/26/2022][01:22:22 PM][info] CHESSTER: f7
[Jan/26/2022][01:22:22 PM][info] CHESSTER: f7
[Jan/26/2022][01:22:22 PM][info] CHESSTER: f7
[Jan/26/2022][01:22:22 PM][info] CHESSTER: f7
[Jan/26/2022][01:22:22 PM][info] CHESSTER: f7
[Jan/26/2022][01:22:22 PM][info] CHESSTER: f7
[Jan/26/2022][01:22:22 PM][info] CHESSTER: f7
[Jan/26/2022][01:22:22 PM][info] CHESSTER: f7
[Jan/26/2022][01:22:22 PM][info] CHESSTER: f7
[Jan/26/2022][01:22:22 PM][info] CHESSTER: f7
[Jan/26/2022][01:22:22 PM][info] CHESSTER: f7
[Jan/26/2022][01:22:22 PM][info] CHESSTER: f7
[Jan/26/2022][01:22:22 PM][info] CHESSTER: f7
[Jan/26/2022][01:22:22 PM][info] CHESSTER: f7
[Jan/26/2022][01:22:22 PM][info] CHESSTER: f7
[Jan/26/2022][01:22:22 PM][info] CHESSTER: e7
[Jan/26/2022][01:22:22 PM][info] CHESSTER: e7
[Jan/26/2022][01:22:22 PM][info] CHESSTER: e7
[Jan/26/2022][01:22:22 PM][info] CHESSTER: e7
[Jan/26/2022][01:22:22 PM][info] CHESSTER: e7
[Jan/26/2022][01:22:23 PM][info] CHESSTER: d8
[Jan/26/2022][01:22:23 PM][info] CHESSTER: d8
[Jan/26/2022][01:22:23 PM][info] CHESSTER: d8
[Jan/26/2022][01:22:23 PM][info] CHESSTER: d8
[Jan/26/2022][01:22:23 PM][info] CHESSTER: d8
[Jan/26/2022][01:22:23 PM][info] CHESSTER: c8
[Jan/26/2022][01:22:23 PM][info] CHESSTER: c8
[Jan/26/2022][01:22:23 PM][info] CHESSTER: c8
[Jan/26/2022][01:22:23 PM][info] CHESSTER: c8
[Jan/26/2022][01:22:23 PM][info] CHESSTER: c8
[Jan/26/2022][01:22:23 PM][info] CHESSTER: b8
[Jan/26/2022][01:22:23 PM][info] CHESSTER: b8
[Jan/26/2022][01:22:23 PM][info] CHESSTER: b8
[Jan/26/2022][01:22:23 PM][info] CHESSTER: b8
[Jan/26/2022][01:22:23 PM][info] CHESSTER: b8
[Jan/26/2022][01:22:23 PM][info] CHESSTER: b8
[Jan/26/2022][01:22:23 PM][info] CHESSTER: b8
[Jan/26/2022][01:22:23 PM][info] CHESSTER: b8
[Jan/26/2022][01:22:23 PM][info] CHESSTER: b8
[Jan/26/2022][01:22:23 PM][info] CHESSTER: b8
[Jan/26/2022][01:22:23 PM][info] CHESSTER: b8
[Jan/26/2022][01:22:23 PM][info] CHESSTER: b8
[Jan/26/2022][01:22:23 PM][info] CHESSTER: b8
[Jan/26/2022][01:22:23 PM][info] CHESSTER: b8
[Jan/26/2022][01:22:23 PM][info] CHESSTER: b8
[Jan/26/2022][01:22:23 PM][info] CHESSTER: b8
[Jan/26/2022][01:22:23 PM][info] CHESSTER: b8
[Jan/26/2022][01:22:23 PM][info] CHESSTER: b8
[Jan/26/2022][01:22:23 PM][info] CHESSTER: b8
[Jan/26/2022][01:22:23 PM][info] CHESSTER: b8
[Jan/26/2022][01:22:23 PM][info] CHESSTER: b8
[Jan/26/2022][01:22:23 PM][info] CHESSTER: b8
[Jan/26/2022][01:22:23 PM][info] CHESSTER: b8
[Jan/26/2022][01:22:23 PM][info] CHESSTER: b8
[Jan/26/2022][01:22:23 PM][info] CHESSTER: b8
[Jan/26/2022][01:22:23 PM][info] CHESSTER: b8
[Jan/26/2022][01:22:23 PM][info] CHESSTER: b8
[Jan/26/2022][01:22:23 PM][info] CHESSTER: b8
[Jan/26/2022][01:22:23 PM][info] CHESSTER: b8
[Jan/26/2022][01:22:23 PM][info] CHESSTER: b8
[Jan/26/2022][01:22:23 PM][info] CHESSTER: b8
[Jan/26/2022][01:22:23 PM][info] CHESSTER: b8
[Jan/26/2022][01:22:23 PM][info] CHESSTER: b8
[Jan/26/2022][01:22:23 PM][info] CHESSTER: b8
[Jan/26/2022][01:22:23 PM][info] CHESSTER: b8
[Jan/26/2022][01:22:23 PM][info] CHESSTER: b8
[Jan/26/2022][01:22:23 PM][info] CHESSTER: b8
[Jan/26/2022][01:22:23 PM][info] CHESSTER: b8
[Jan/26/2022][01:22:23 PM][info] CHESSTER: b8
[Jan/26/2022][01:22:23 PM][info] CHESSTER: b8
[Jan/26/2022][01:22:23 PM][info] CHESSTER: b8
[Jan/26/2022][01:22:23 PM][info] CHESSTER: b8
[Jan/26/2022][01:22:23 PM][info] CHESSTER: b8
[Jan/26/2022][01:22:34 PM][info] CHESSTER: SDL closed successfully.
